[0.567s] Invoking command in '/home/autodrive_devkit/src/autodrive_devkit': PYTHONPATH=/home/autodrive_devkit/build/autodrive_roboracer/prefix_override:/usr/lib/python3/dist-packages/colcon_core/task/python/colcon_distutils_commands:/home/autodrive_devkit/install/autodrive_roboracer/lib/python3.10/site-packages:${PYTHONPATH} /usr/bin/python3 -W ignore:setup.py install is deprecated -W ignore:easy_install command is deprecated setup.py egg_info --egg-base ../../build/autodrive_roboracer build --build-base /home/autodrive_devkit/build/autodrive_roboracer/build install --record /home/autodrive_devkit/build/autodrive_roboracer/install.log --single-version-externally-managed install_data
[0.713s] running egg_info
[0.713s] writing ../../build/autodrive_roboracer/autodrive_roboracer.egg-info/PKG-INFO
[0.713s] writing dependency_links to ../../build/autodrive_roboracer/autodrive_roboracer.egg-info/dependency_links.txt
[0.713s] writing entry points to ../../build/autodrive_roboracer/autodrive_roboracer.egg-info/entry_points.txt
[0.714s] writing requirements to ../../build/autodrive_roboracer/autodrive_roboracer.egg-info/requires.txt
[0.714s] writing top-level names to ../../build/autodrive_roboracer/autodrive_roboracer.egg-info/top_level.txt
[0.715s] reading manifest file '../../build/autodrive_roboracer/autodrive_roboracer.egg-info/SOURCES.txt'
[0.716s] writing manifest file '../../build/autodrive_roboracer/autodrive_roboracer.egg-info/SOURCES.txt'
[0.716s] running build
[0.716s] running build_py
[0.716s] running install
[0.717s] running install_lib
[0.718s] running install_data
[0.719s] running install_egg_info
[0.720s] removing '/home/autodrive_devkit/install/autodrive_roboracer/lib/python3.10/site-packages/autodrive_roboracer-0.1.0-py3.10.egg-info' (and everything under it)
[0.720s] Copying ../../build/autodrive_roboracer/autodrive_roboracer.egg-info to /home/autodrive_devkit/install/autodrive_roboracer/lib/python3.10/site-packages/autodrive_roboracer-0.1.0-py3.10.egg-info
[0.721s] running install_scripts
[0.738s] Installing autodrive_bridge script to /home/autodrive_devkit/install/autodrive_roboracer/lib/autodrive_roboracer
[0.738s] Installing teleop_keyboard script to /home/autodrive_devkit/install/autodrive_roboracer/lib/autodrive_roboracer
[0.738s] writing list of installed files to '/home/autodrive_devkit/build/autodrive_roboracer/install.log'
[0.777s] Invoked command in '/home/autodrive_devkit/src/autodrive_devkit' returned '0': PYTHONPATH=/home/autodrive_devkit/build/autodrive_roboracer/prefix_override:/usr/lib/python3/dist-packages/colcon_core/task/python/colcon_distutils_commands:/home/autodrive_devkit/install/autodrive_roboracer/lib/python3.10/site-packages:${PYTHONPATH} /usr/bin/python3 -W ignore:setup.py install is deprecated -W ignore:easy_install command is deprecated setup.py egg_info --egg-base ../../build/autodrive_roboracer build --build-base /home/autodrive_devkit/build/autodrive_roboracer/build install --record /home/autodrive_devkit/build/autodrive_roboracer/install.log --single-version-externally-managed install_data
