[0.474s] Invoking command in '/home/autodrive_devkit/build/control': PYTHONPATH=/home/autodrive_devkit/build/control/prefix_override:/usr/lib/python3/dist-packages/colcon_core/task/python/colcon_distutils_commands:/home/autodrive_devkit/install/control/lib/python3.10/site-packages:${PYTHONPATH} /usr/bin/python3 -W ignore:setup.py install is deprecated -W ignore:easy_install command is deprecated setup.py develop --editable --build-directory /home/autodrive_devkit/build/control/build --no-deps symlink_data --force
[0.638s] running develop
[0.686s] running egg_info
[0.687s] writing control.egg-info/PKG-INFO
[0.687s] writing dependency_links to control.egg-info/dependency_links.txt
[0.687s] writing entry points to control.egg-info/entry_points.txt
[0.687s] writing requirements to control.egg-info/requires.txt
[0.687s] writing top-level names to control.egg-info/top_level.txt
[0.688s] reading manifest file 'control.egg-info/SOURCES.txt'
[0.688s] writing manifest file 'control.egg-info/SOURCES.txt'
[0.689s] running build_ext
[0.689s] Creating /home/autodrive_devkit/install/control/lib/python3.10/site-packages/control.egg-link (link to .)
[0.690s] Installing controller script to /home/autodrive_devkit/install/control/lib/control
[0.690s] Installing stan script to /home/autodrive_devkit/install/control/lib/control
[0.690s] 
[0.690s] Installed /home/autodrive_devkit/build/control
[0.690s] running symlink_data
[0.690s] symbolically linking /home/autodrive_devkit/build/control/resource/control -> /home/autodrive_devkit/install/control/share/ament_index/resource_index/packages
[0.690s] symbolically linking /home/autodrive_devkit/build/control/package.xml -> /home/autodrive_devkit/install/control/share/control
[0.719s] Invoked command in '/home/autodrive_devkit/build/control' returned '0': PYTHONPATH=/home/autodrive_devkit/build/control/prefix_override:/usr/lib/python3/dist-packages/colcon_core/task/python/colcon_distutils_commands:/home/autodrive_devkit/install/control/lib/python3.10/site-packages:${PYTHONPATH} /usr/bin/python3 -W ignore:setup.py install is deprecated -W ignore:easy_install command is deprecated setup.py develop --editable --build-directory /home/autodrive_devkit/build/control/build --no-deps symlink_data --force
