/home/autodrive_devkit/install/control/lib/python3.10/site-packages/control/stanley.py
/home/autodrive_devkit/install/control/lib/python3.10/site-packages/control/__init__.py
/home/autodrive_devkit/install/control/lib/python3.10/site-packages/control/control.py
/home/autodrive_devkit/install/control/lib/python3.10/site-packages/control/autosta.py
/home/autodrive_devkit/install/control/lib/python3.10/site-packages/control/__pycache__/stanley.cpython-310.pyc
/home/autodrive_devkit/install/control/lib/python3.10/site-packages/control/__pycache__/__init__.cpython-310.pyc
/home/autodrive_devkit/install/control/lib/python3.10/site-packages/control/__pycache__/control.cpython-310.pyc
/home/autodrive_devkit/install/control/lib/python3.10/site-packages/control/__pycache__/autosta.cpython-310.pyc
/home/autodrive_devkit/install/control/share/ament_index/resource_index/packages/control
/home/autodrive_devkit/install/control/share/control/package.xml
/home/autodrive_devkit/install/control/lib/python3.10/site-packages/control-0.0.0-py3.10.egg-info/entry_points.txt
/home/autodrive_devkit/install/control/lib/python3.10/site-packages/control-0.0.0-py3.10.egg-info/zip-safe
/home/autodrive_devkit/install/control/lib/python3.10/site-packages/control-0.0.0-py3.10.egg-info/requires.txt
/home/autodrive_devkit/install/control/lib/python3.10/site-packages/control-0.0.0-py3.10.egg-info/dependency_links.txt
/home/autodrive_devkit/install/control/lib/python3.10/site-packages/control-0.0.0-py3.10.egg-info/top_level.txt
/home/autodrive_devkit/install/control/lib/python3.10/site-packages/control-0.0.0-py3.10.egg-info/PKG-INFO
/home/autodrive_devkit/install/control/lib/python3.10/site-packages/control-0.0.0-py3.10.egg-info/SOURCES.txt
/home/autodrive_devkit/install/control/lib/control/autostan
/home/autodrive_devkit/install/control/lib/control/controller
/home/autodrive_devkit/install/control/lib/control/stan
