running egg_info
writing ../../build/autodrive_roboracer/autodrive_roboracer.egg-info/PKG-INFO
writing dependency_links to ../../build/autodrive_roboracer/autodrive_roboracer.egg-info/dependency_links.txt
writing entry points to ../../build/autodrive_roboracer/autodrive_roboracer.egg-info/entry_points.txt
writing requirements to ../../build/autodrive_roboracer/autodrive_roboracer.egg-info/requires.txt
writing top-level names to ../../build/autodrive_roboracer/autodrive_roboracer.egg-info/top_level.txt
reading manifest file '../../build/autodrive_roboracer/autodrive_roboracer.egg-info/SOURCES.txt'
writing manifest file '../../build/autodrive_roboracer/autodrive_roboracer.egg-info/SOURCES.txt'
running build
running build_py
running install
running install_lib
running install_data
running install_egg_info
removing '/home/autodrive_devkit/install/autodrive_roboracer/lib/python3.10/site-packages/autodrive_roboracer-0.1.0-py3.10.egg-info' (and everything under it)
Copying ../../build/autodrive_roboracer/autodrive_roboracer.egg-info to /home/autodrive_devkit/install/autodrive_roboracer/lib/python3.10/site-packages/autodrive_roboracer-0.1.0-py3.10.egg-info
running install_scripts
Installing autodrive_bridge script to /home/autodrive_devkit/install/autodrive_roboracer/lib/autodrive_roboracer
Installing teleop_keyboard script to /home/autodrive_devkit/install/autodrive_roboracer/lib/autodrive_roboracer
writing list of installed files to '/home/autodrive_devkit/build/autodrive_roboracer/install.log'
