[0.445s] Invoking command in '/home/autodrive_devkit/src/control': PYTHONPATH=/home/autodrive_devkit/build/control/prefix_override:/usr/lib/python3/dist-packages/colcon_core/task/python/colcon_distutils_commands:/home/autodrive_devkit/install/control/lib/python3.10/site-packages:${PYTHONPATH} /usr/bin/python3 -W ignore:setup.py install is deprecated -W ignore:easy_install command is deprecated setup.py egg_info --egg-base ../../build/control build --build-base /home/autodrive_devkit/build/control/build install --record /home/autodrive_devkit/build/control/install.log --single-version-externally-managed install_data
[0.564s] running egg_info
[0.564s] writing ../../build/control/control.egg-info/PKG-INFO
[0.564s] writing dependency_links to ../../build/control/control.egg-info/dependency_links.txt
[0.565s] writing entry points to ../../build/control/control.egg-info/entry_points.txt
[0.565s] writing requirements to ../../build/control/control.egg-info/requires.txt
[0.565s] writing top-level names to ../../build/control/control.egg-info/top_level.txt
[0.566s] reading manifest file '../../build/control/control.egg-info/SOURCES.txt'
[0.566s] writing manifest file '../../build/control/control.egg-info/SOURCES.txt'
[0.566s] running build
[0.566s] running build_py
[0.566s] copying control/control.py -> /home/autodrive_devkit/build/control/build/lib/control
[0.567s] running install
[0.567s] running install_lib
[0.567s] copying /home/autodrive_devkit/build/control/build/lib/control/control.py -> /home/autodrive_devkit/install/control/lib/python3.10/site-packages/control
[0.567s] byte-compiling /home/autodrive_devkit/install/control/lib/python3.10/site-packages/control/control.py to control.cpython-310.pyc
[0.568s] running install_data
[0.568s] running install_egg_info
[0.570s] removing '/home/autodrive_devkit/install/control/lib/python3.10/site-packages/control-0.0.0-py3.10.egg-info' (and everything under it)
[0.570s] Copying ../../build/control/control.egg-info to /home/autodrive_devkit/install/control/lib/python3.10/site-packages/control-0.0.0-py3.10.egg-info
[0.570s] running install_scripts
[0.583s] Installing controller script to /home/autodrive_devkit/install/control/lib/control
[0.583s] writing list of installed files to '/home/autodrive_devkit/build/control/install.log'
[0.613s] Invoked command in '/home/autodrive_devkit/src/control' returned '0': PYTHONPATH=/home/autodrive_devkit/build/control/prefix_override:/usr/lib/python3/dist-packages/colcon_core/task/python/colcon_distutils_commands:/home/autodrive_devkit/install/control/lib/python3.10/site-packages:${PYTHONPATH} /usr/bin/python3 -W ignore:setup.py install is deprecated -W ignore:easy_install command is deprecated setup.py egg_info --egg-base ../../build/control build --build-base /home/autodrive_devkit/build/control/build install --record /home/autodrive_devkit/build/control/install.log --single-version-externally-managed install_data
